Arguments: 
  E:\Program Files\nodejs\node.exe E:\Program Files\nodejs\node_modules\yarn\bin\yarn.js init

PATH: 
  C:\Users\Administrator\bin;E:\Program Files\Git\mingw64\bin;E:\Program Files\Git\usr\local\bin;E:\Program Files\Git\usr\bin;E:\Program Files\Git\usr\bin;E:\Program Files\Git\mingw64\bin;E:\Program Files\Git\usr\bin;C:\Users\Administrator\bin;C:\Python27;C:\Python27\Scripts;C:\Windows\system32;C:\Windows;C:\Windows\System32\Wbem;C:\Windows\System32\WindowsPowerShell\v1.0;C:\Program Files (x86)\NVIDIA Corporation\PhysX\Common;C:\Program Files\NVIDIA Corporation\NVIDIA NvDLISR;E:\Users\Administrator\AppData\Roaming\nvm;E:\Program Files\nodejs;E:\Program Files\Git\cmd;C:\ProgramData\chocolatey\bin;C:\Program Files\OpenJDK\openjdk-8u262-b10\bin;C:\Program Files\dotnet;C:\Users\Administrator\AppData\Local\Microsoft\WindowsApps;E:\Users\Administrator\AppData\Local\Programs\Microsoft VS Code\bin;C:\Users\Administrator\AppData\Roaming\npm;E:\Users\Administrator\AppData\Roaming\nvm;E:\Program Files\nodejs;C:\Users\Administrator\AppData\Local\Android\Sdk\platform-tools;C:\Users\Administrator\.deno\bin;E:\Program Files\Git\usr\bin\vendor_perl;E:\Program Files\Git\usr\bin\core_perl

Yarn version: 
  1.22.10

Node version: 
  14.15.3

Platform: 
  win32 x64

Trace: 
  Error: Can't answer a question unless a user TTY
      at ConsoleReporter.question (E:\Users\Administrator\AppData\Roaming\nvm\v14.15.3\node_modules\yarn\lib\cli.js:96361:59)
      at Object.<anonymous> (E:\Users\Administrator\AppData\Roaming\nvm\v14.15.3\node_modules\yarn\lib\cli.js:88636:38)
      at Generator.next (<anonymous>)
      at step (E:\Users\Administrator\AppData\Roaming\nvm\v14.15.3\node_modules\yarn\lib\cli.js:310:30)
      at E:\Users\Administrator\AppData\Roaming\nvm\v14.15.3\node_modules\yarn\lib\cli.js:321:13

npm manifest: 
  No manifest

yarn manifest: 
  No manifest

Lockfile: 
  No lockfile
